app/build/outputs/logs/manifest-merger-release-report.txt
-- Merging decision tree log ---
manifest
ADDED from src\main\AndroidManifest.xml:1:1-598:12
	package
		ADDED from src\main\AndroidManifest.xml:2:5-41
		INJECTED from src\main\AndroidManifest.xml
		INJECTED from src\main\AndroidManifest.xml
	android:versionName
		ADDED from src\main\AndroidManifest.xml:4:5-33
		INJECTED from src\main\AndroidManifest.xml
		INJECTED from src\main\AndroidManifest.xml
	android:versionCode
		ADDED from src\main\AndroidManifest.xml:3:5-31
		INJECTED from src\main\AndroidManifest.xml
		INJECTED from src\main\AndroidManifest.xml
	xmlns:android
		ADDED from src\main\AndroidManifest.xml:1:11-69
	android:installLocation
		ADDED from src\main\AndroidManifest.xml:4:34-72
supports-screens
ADDED from src\main\AndroidManifest.xml:6:5-11:39
	android:largeScreens
		ADDED from src\main\AndroidManifest.xml:8:9-36
	android:smallScreens
		ADDED from src\main\AndroidManifest.xml:11:9-36
	android:normalScreens
		ADDED from src\main\AndroidManifest.xml:9:9-37
	android:resizeable
		ADDED from src\main\AndroidManifest.xml:10:9-34
	android:anyDensity
		ADDED from src\main\AndroidManifest.xml:7:9-34
uses-sdk
ADDED from src\main\AndroidManifest.xml:13:5-73
MERGED from [com.android.support:multidex:1.0.1] AndroidManifest.xml:18:5-42
	android:targetSdkVersion
		ADDED from src\main\AndroidManifest.xml:13:41-70
		INJECTED from src\main\AndroidManifest.xml
		INJECTED from src\main\AndroidManifest.xml
	android:minSdkVersion
		ADDED from src\main\AndroidManifest.xml:13:15-40
		INJECTED from src\main\AndroidManifest.xml
		INJECTED from src\main\AndroidManifest.xml
uses-permission#android.permission.INTERNET
ADDED from src\main\AndroidManifest.xml:16:5-67
	android:name
		ADDED from src\main\AndroidManifest.xml:16:22-64
uses-permission#android.permission.WRITE_EXTERNAL_STORAGE
ADDED from src\main\AndroidManifest.xml:18:5-81
	android:name
		ADDED from src\main\AndroidManifest.xml:18:22-78
uses-permission#android.permission.GET_TASKS
ADDED from src\main\AndroidManifest.xml:19:5-68
	android:name
		ADDED from src\main\AndroidManifest.xml:19:22-65
uses-permission#android.permission.RECORD_AUDIO
ADDED from src\main\AndroidManifest.xml:25:5-71
	android:name
		ADDED from src\main\AndroidManifest.xml:25:22-68
uses-permission#android.permission.MODIFY_AUDIO_SETTINGS
ADDED from src\main\AndroidManifest.xml:27:5-80
	android:name
		ADDED from src\main\AndroidManifest.xml:27:22-77
uses-permission#android.permission.CAMERA
ADDED from src\main\AndroidManifest.xml:33:5-65
	android:name
		ADDED from src\main\AndroidManifest.xml:33:22-62
uses-feature#android.hardware.camera
ADDED from src\main\AndroidManifest.xml:35:5-60
	android:name
		ADDED from src\main\AndroidManifest.xml:35:19-57
uses-permission#android.permission.USE_FINGERPRINT
ADDED from src\main\AndroidManifest.xml:38:2-71
	android:name
		ADDED from src\main\AndroidManifest.xml:38:19-68
uses-permission#android.permission.GET_ACCOUNTS
ADDED from src\main\AndroidManifest.xml:41:5-71
	android:name
		ADDED from src\main\AndroidManifest.xml:41:22-68
uses-permission#android.permission.WRITE_CONTACTS
ADDED from src\main\AndroidManifest.xml:42:5-73
	android:name
		ADDED from src\main\AndroidManifest.xml:42:22-70
uses-permission#android.permission.READ_CONTACTS
ADDED from src\main\AndroidManifest.xml:43:5-72
	android:name
		ADDED from src\main\AndroidManifest.xml:43:22-69
uses-permission#android.permission.WAKE_LOCK
ADDED from src\main\AndroidManifest.xml:49:5-68
	android:name
		ADDED from src\main\AndroidManifest.xml:49:22-65
uses-permission#android.permission.VIBRATE
ADDED from src\main\AndroidManifest.xml:51:5-66
	android:name
		ADDED from src\main\AndroidManifest.xml:51:22-63
uses-permission#android.permission.CALL_PHONE
ADDED from src\main\AndroidManifest.xml:53:5-69
	android:name
		ADDED from src\main\AndroidManifest.xml:53:22-66
uses-permission#android.permission.ACCESS_WIFI_STATE
ADDED from src\main\AndroidManifest.xml:55:5-76
	android:name
		ADDED from src\main\AndroidManifest.xml:55:22-73
uses-permission#android.permission.ACCESS_NETWORK_STATE
ADDED from src\main\AndroidManifest.xml:56:5-79
	android:name
		ADDED from src\main\AndroidManifest.xml:56:22-76
uses-permission#android.permission.READ_PHONE_STATE
ADDED from src\main\AndroidManifest.xml:58:5-75
	android:name
		ADDED from src\main\AndroidManifest.xml:58:22-72
uses-permission#android.permission.SEND_SMS
ADDED from src\main\AndroidManifest.xml:67:5-67
	android:name
		ADDED from src\main\AndroidManifest.xml:67:22-64
uses-permission#android.permission.WRITE_SMS
ADDED from src\main\AndroidManifest.xml:68:5-68
	android:name
		ADDED from src\main\AndroidManifest.xml:68:22-65
uses-permission#android.permission.READ_SMS
ADDED from src\main\AndroidManifest.xml:69:5-67
	android:name
		ADDED from src\main\AndroidManifest.xml:69:22-64
uses-permission#com.android.launcher.permission.INSTALL_SHORTCUT
ADDED from src\main\AndroidManifest.xml:77:5-88
	android:name
		ADDED from src\main\AndroidManifest.xml:77:22-85
uses-permission#com.android.launcher.permission.UNINSTALL_SHORTCUT
ADDED from src\main\AndroidManifest.xml:78:5-90
	android:name
		ADDED from src\main\AndroidManifest.xml:78:22-87
uses-feature#android.hardware.camera.autofocus
ADDED from src\main\AndroidManifest.xml:87:5-70
	android:name
		ADDED from src\main\AndroidManifest.xml:87:19-67
uses-permission#android.permission.FLASHLIGHT
ADDED from src\main\AndroidManifest.xml:90:5-69
	android:name
		ADDED from src\main\AndroidManifest.xml:90:22-66
uses-permission#android.permission.ACCESS_COARSE_LOCATION
ADDED from src\main\AndroidManifest.xml:98:5-81
	android:name
		ADDED from src\main\AndroidManifest.xml:98:22-78
uses-permission#android.permission.ACCESS_FINE_LOCATION
ADDED from src\main\AndroidManifest.xml:99:5-79
	android:name
		ADDED from src\main\AndroidManifest.xml:99:22-76
uses-permission#android.permission.WRITE_SETTINGS
ADDED from src\main\AndroidManifest.xml:100:5-73
	android:name
		ADDED from src\main\AndroidManifest.xml:100:22-70
uses-permission#android.permission.CHANGE_WIFI_STATE
ADDED from src\main\AndroidManifest.xml:102:5-76
	android:name
		ADDED from src\main\AndroidManifest.xml:102:22-73
uses-permission#android.permission.MOUNT_UNMOUNT_FILESYSTEMS
ADDED from src\main\AndroidManifest.xml:104:5-84
	android:name
		ADDED from src\main\AndroidManifest.xml:104:22-81
uses-permission#android.permission.READ_LOGS
ADDED from src\main\AndroidManifest.xml:105:5-68
	android:name
		ADDED from src\main\AndroidManifest.xml:105:22-65
uses-permission#android.permission.RECEIVE_BOOT_COMPLETED
ADDED from src\main\AndroidManifest.xml:147:5-81
	android:name
		ADDED from src\main\AndroidManifest.xml:147:22-78
uses-permission#android.permission.SYSTEM_ALERT_WINDOW
ADDED from src\main\AndroidManifest.xml:156:5-77
	android:name
		ADDED from src\main\AndroidManifest.xml:156:22-75
uses-permission#getui.permission.GetuiService.cn.com.yusys.app.HuBeiBank
ADDED from src\main\AndroidManifest.xml:159:5-96
	android:name
		ADDED from src\main\AndroidManifest.xml:159:22-93
permission#getui.permission.GetuiService.cn.com.yusys.app.HuBeiBank
ADDED from src\main\AndroidManifest.xml:161:5-163:44
	android:protectionLevel
		ADDED from src\main\AndroidManifest.xml:163:9-41
	android:name
		ADDED from src\main\AndroidManifest.xml:162:9-80
uses-permission#android.permission.CHANGE_NETWORK_STATE
ADDED from src\main\AndroidManifest.xml:191:5-79
	android:name
		ADDED from src\main\AndroidManifest.xml:191:22-76
uses-permission#android.permission.RECEIVE_USER_PRESENT
ADDED from src\main\AndroidManifest.xml:200:5-79
	android:name
		ADDED from src\main\AndroidManifest.xml:200:22-76
uses-permission#android.permission.NFC
ADDED from src\main\AndroidManifest.xml:205:5-62
	android:name
		ADDED from src\main\AndroidManifest.xml:205:22-59
application
ADDED from src\main\AndroidManifest.xml:211:5-596:19
	android:label
		ADDED from src\main\AndroidManifest.xml:214:9-41
	android:allowClearUserData
		ADDED from src\main\AndroidManifest.xml:212:9-42
	android:allowBackup
		ADDED from src\main\AndroidManifest.xml:217:9-36
	android:icon
		ADDED from src\main\AndroidManifest.xml:213:9-38
	android:largeHeap
		ADDED from src\main\AndroidManifest.xml:215:9-33
	android:theme
		ADDED from src\main\AndroidManifest.xml:216:9-43
activity#io.dcloud.PandoraEntry
ADDED from src\main\AndroidManifest.xml:218:9-231:20
	android:screenOrientation
		ADDED from src\main\AndroidManifest.xml:223:13-49
	android:label
		ADDED from src\main\AndroidManifest.xml:221:13-45
	android:launchMode
		ADDED from src\main\AndroidManifest.xml:222:13-44
	android:windowSoftInputMode
		ADDED from src\main\AndroidManifest.xml:225:13-55
	android:configChanges
		ADDED from src\main\AndroidManifest.xml:220:13-63
	android:theme
		ADDED from src\main\AndroidManifest.xml:224:13-77
	android:name
		ADDED from src\main\AndroidManifest.xml:219:13-50
intent-filter#android.intent.action.MAIN+android.intent.category.LAUNCHER
ADDED from src\main\AndroidManifest.xml:226:13-230:29
action#android.intent.action.MAIN
ADDED from src\main\AndroidManifest.xml:227:17-69
	android:name
		ADDED from src\main\AndroidManifest.xml:227:25-66
category#android.intent.category.LAUNCHER
ADDED from src\main\AndroidManifest.xml:229:17-77
	android:name
		ADDED from src\main\AndroidManifest.xml:229:27-74
activity#io.dcloud.PandoraEntryActivity
ADDED from src\main\AndroidManifest.xml:237:9-255:20
	android:screenOrientation
		ADDED from src\main\AndroidManifest.xml:243:13-49
	android:label
		ADDED from src\main\AndroidManifest.xml:241:13-38
	android:hardwareAccelerated
		ADDED from src\main\AndroidManifest.xml:240:13-47
	android:launchMode
		ADDED from src\main\AndroidManifest.xml:242:13-44
	android:windowSoftInputMode
		ADDED from src\main\AndroidManifest.xml:245:13-55
	android:configChanges
		ADDED from src\main\AndroidManifest.xml:239:13-74
	android:theme
		ADDED from src\main\AndroidManifest.xml:244:13-47
	android:name
		ADDED from src\main\AndroidManifest.xml:238:13-58
intent-filter#android.intent.action.VIEW+android.intent.category.BROWSABLE+android.intent.category.DEFAULT
ADDED from src\main\AndroidManifest.xml:246:13-254:20
action#android.intent.action.VIEW
ADDED from src\main\AndroidManifest.xml:247:11-70
	android:name
		ADDED from src\main\AndroidManifest.xml:247:19-60
category#android.intent.category.DEFAULT
ADDED from src\main\AndroidManifest.xml:248:11-79
	android:name
		ADDED from src\main\AndroidManifest.xml:248:21-67
category#android.intent.category.BROWSABLE
ADDED from src\main\AndroidManifest.xml:249:11-81
	android:name
		ADDED from src\main\AndroidManifest.xml:249:21-69
data
ADDED from src\main\AndroidManifest.xml:250:11-253:18
	android:host
		ADDED from src\main\AndroidManifest.xml:252:15-46
	android:scheme
		ADDED from src\main\AndroidManifest.xml:251:15-37
service#io.dcloud.common.adapter.io.MiniServerService
ADDED from src\main\AndroidManifest.xml:257:9-259:39
	android:exported
		ADDED from src\main\AndroidManifest.xml:259:13-36
	android:name
		ADDED from src\main\AndroidManifest.xml:258:13-73
activity#io.dcloud.imagepick.CustomGalleryActivity
ADDED from src\main\AndroidManifest.xml:261:9-268:20
	android:name
		ADDED from src\main\AndroidManifest.xml:261:19-75
intent-filter#android.intent.category.DEFAULT+io.dcloud.ACTION_MULTIPLE_PICK+io.dcloud.ACTION_PICK
ADDED from src\main\AndroidManifest.xml:262:13-267:29
action#io.dcloud.ACTION_PICK
ADDED from src\main\AndroidManifest.xml:263:17-64
	android:name
		ADDED from src\main\AndroidManifest.xml:263:25-61
action#io.dcloud.ACTION_MULTIPLE_PICK
ADDED from src\main\AndroidManifest.xml:264:17-73
	android:name
		ADDED from src\main\AndroidManifest.xml:264:25-70
activity#cn.com.yusys.plugins.nfcbankcard.NFCardActivity
ADDED from src\main\AndroidManifest.xml:270:9-276:20
	android:screenOrientation
		ADDED from src\main\AndroidManifest.xml:273:13-49
	android:windowSoftInputMode
		ADDED from src\main\AndroidManifest.xml:275:13-60
	android:configChanges
		ADDED from src\main\AndroidManifest.xml:272:13-63
	android:theme
		ADDED from src\main\AndroidManifest.xml:274:13-47
	android:name
		ADDED from src\main\AndroidManifest.xml:271:13-75
meta-data#UMENG_APPKEY
ADDED from src\main\AndroidManifest.xml:282:9-284:46
	android:value
		ADDED from src\main\AndroidManifest.xml:284:13-43
	android:name
		ADDED from src\main\AndroidManifest.xml:283:13-40
meta-data#UMENG_CHANNEL
ADDED from src\main\AndroidManifest.xml:285:9-287:42
	android:value
		ADDED from src\main\AndroidManifest.xml:287:13-39
	android:name
		ADDED from src\main\AndroidManifest.xml:286:13-41
meta-data#com.baidu.lbsapi.API_KEY
ADDED from src\main\AndroidManifest.xml:293:9-296:21
	android:value
		ADDED from src\main\AndroidManifest.xml:295:13-53
	android:name
		ADDED from src\main\AndroidManifest.xml:294:13-52
service#com.baidu.location.f
ADDED from src\main\AndroidManifest.xml:298:9-302:19
	android:enabled
		ADDED from src\main\AndroidManifest.xml:300:13-35
	android:process
		ADDED from src\main\AndroidManifest.xml:301:13-38
	android:name
		ADDED from src\main\AndroidManifest.xml:299:13-48
meta-data#com.amap.api.v2.apikey
ADDED from src\main\AndroidManifest.xml:307:9-309:48
	android:value
		ADDED from src\main\AndroidManifest.xml:309:13-45
	android:name
		ADDED from src\main\AndroidManifest.xml:308:13-50
meta-data#QQ_APPID
ADDED from src\main\AndroidManifest.xml:314:9-316:39
	android:value
		ADDED from src\main\AndroidManifest.xml:316:13-36
	android:name
		ADDED from src\main\AndroidManifest.xml:315:13-36
activity#com.tencent.tauth.AuthActivity
ADDED from src\main\AndroidManifest.xml:318:9-330:20
	android:launchMode
		ADDED from src\main\AndroidManifest.xml:320:13-44
	android:noHistory
		ADDED from src\main\AndroidManifest.xml:321:13-37
	android:name
		ADDED from src\main\AndroidManifest.xml:319:13-58
activity#com.tencent.connect.common.AssistActivity
ADDED from src\main\AndroidManifest.xml:331:9-334:75
	android:screenOrientation
		ADDED from src\main\AndroidManifest.xml:333:13-49
	android:theme
		ADDED from src\main\AndroidManifest.xml:334:13-72
	android:name
		ADDED from src\main\AndroidManifest.xml:332:13-69
meta-data#IFLY_APPKEY
ADDED from src\main\AndroidManifest.xml:365:9-367:40
	android:value
		ADDED from src\main\AndroidManifest.xml:367:13-37
	android:name
		ADDED from src\main\AndroidManifest.xml:366:13-39
receiver#io.dcloud.feature.apsGt.PushMessageReceiver
ADDED from src\main\AndroidManifest.xml:378:9-382:20
	android:name
		ADDED from src\main\AndroidManifest.xml:378:19-77
intent-filter#com.igexin.sdk.action.JykIMCSzFp7Ko3IFqxr8O4
ADDED from src\main\AndroidManifest.xml:379:13-381:29
action#com.igexin.sdk.action.JykIMCSzFp7Ko3IFqxr8O4
ADDED from src\main\AndroidManifest.xml:380:17-87
	android:name
		ADDED from src\main\AndroidManifest.xml:380:25-84
receiver#io.dcloud.feature.apsGt.GTNotificationReceiver
ADDED from src\main\AndroidManifest.xml:383:9-391:20
	android:name
		ADDED from src\main\AndroidManifest.xml:383:19-80
intent-filter#android.intent.action.BOOT_COMPLETED+cn.com.yusys.app.HuBeiBank.__CLEAR_NOTIFICATION+cn.com.yusys.app.HuBeiBank.__CLILK_NOTIFICATION+cn.com.yusys.app.HuBeiBank.__CREATE_NOTIFICATION+cn.com.yusys.app.HuBeiBank.__REMOVE_NOTIFICATION
ADDED from src\main\AndroidManifest.xml:384:13-390:29
action#android.intent.action.BOOT_COMPLETED
ADDED from src\main\AndroidManifest.xml:385:17-79
	android:name
		ADDED from src\main\AndroidManifest.xml:385:25-76
action#cn.com.yusys.app.HuBeiBank.__CREATE_NOTIFICATION
ADDED from src\main\AndroidManifest.xml:386:17-91
	android:name
		ADDED from src\main\AndroidManifest.xml:386:25-88
action#cn.com.yusys.app.HuBeiBank.__REMOVE_NOTIFICATION
ADDED from src\main\AndroidManifest.xml:387:17-91
	android:name
		ADDED from src\main\AndroidManifest.xml:387:25-88
action#cn.com.yusys.app.HuBeiBank.__CLEAR_NOTIFICATION
ADDED from src\main\AndroidManifest.xml:388:17-90
	android:name
		ADDED from src\main\AndroidManifest.xml:388:25-87
action#cn.com.yusys.app.HuBeiBank.__CLILK_NOTIFICATION
ADDED from src\main\AndroidManifest.xml:389:17-90
	android:name
		ADDED from src\main\AndroidManifest.xml:389:25-87
meta-data#PUSH_APPID
ADDED from src\main\AndroidManifest.xml:393:9-395:54
	android:value
		ADDED from src\main\AndroidManifest.xml:395:13-51
	android:name
		ADDED from src\main\AndroidManifest.xml:394:13-38
meta-data#PUSH_APPKEY
ADDED from src\main\AndroidManifest.xml:396:9-398:54
	android:value
		ADDED from src\main\AndroidManifest.xml:398:13-51
	android:name
		ADDED from src\main\AndroidManifest.xml:397:13-39
meta-data#PUSH_APPSECRET
ADDED from src\main\AndroidManifest.xml:399:9-401:54
	android:value
		ADDED from src\main\AndroidManifest.xml:401:13-51
	android:name
		ADDED from src\main\AndroidManifest.xml:400:13-42
service#com.igexin.sdk.PushService
ADDED from src\main\AndroidManifest.xml:403:9-408:19
	android:process
		ADDED from src\main\AndroidManifest.xml:407:13-43
	android:label
		ADDED from src\main\AndroidManifest.xml:406:13-47
	android:exported
		ADDED from src\main\AndroidManifest.xml:405:13-36
	android:name
		ADDED from src\main\AndroidManifest.xml:404:13-54
service#com.igexin.sdk.PushServiceUser
ADDED from src\main\AndroidManifest.xml:409:9-413:19
	android:label
		ADDED from src\main\AndroidManifest.xml:412:13-51
	android:exported
		ADDED from src\main\AndroidManifest.xml:411:13-36
	android:name
		ADDED from src\main\AndroidManifest.xml:410:13-58
receiver#com.igexin.sdk.PushReceiver
ADDED from src\main\AndroidManifest.xml:415:9-426:20
	android:name
		ADDED from src\main\AndroidManifest.xml:415:19-61
intent-filter#android.intent.action.ACTION_POWER_CONNECTED+android.intent.action.ACTION_POWER_DISCONNECTED+android.intent.action.BOOT_COMPLETED+android.intent.action.MEDIA_MOUNTED+android.intent.action.USER_PRESENT+android.net.conn.CONNECTIVITY_CHANGE+com.igexin.sdk.action.refreshls
ADDED from src\main\AndroidManifest.xml:416:13-425:29
action#android.net.conn.CONNECTIVITY_CHANGE
ADDED from src\main\AndroidManifest.xml:418:17-79
	android:name
		ADDED from src\main\AndroidManifest.xml:418:25-76
action#android.intent.action.USER_PRESENT
ADDED from src\main\AndroidManifest.xml:419:17-77
	android:name
		ADDED from src\main\AndroidManifest.xml:419:25-74
action#com.igexin.sdk.action.refreshls
ADDED from src\main\AndroidManifest.xml:420:17-74
	android:name
		ADDED from src\main\AndroidManifest.xml:420:25-71
action#android.intent.action.MEDIA_MOUNTED
ADDED from src\main\AndroidManifest.xml:422:17-78
	android:name
		ADDED from src\main\AndroidManifest.xml:422:25-75
action#android.intent.action.ACTION_POWER_CONNECTED
ADDED from src\main\AndroidManifest.xml:423:17-87
	android:name
		ADDED from src\main\AndroidManifest.xml:423:25-84
action#android.intent.action.ACTION_POWER_DISCONNECTED
ADDED from src\main\AndroidManifest.xml:424:17-90
	android:name
		ADDED from src\main\AndroidManifest.xml:424:25-87
receiver#com.igexin.sdk.PushManagerReceiver
ADDED from src\main\AndroidManifest.xml:427:9-433:20
	android:exported
		ADDED from src\main\AndroidManifest.xml:429:13-37
	android:name
		ADDED from src\main\AndroidManifest.xml:428:13-62
intent-filter#com.igexin.sdk.action.pushmanager
ADDED from src\main\AndroidManifest.xml:430:13-432:29
action#com.igexin.sdk.action.pushmanager
ADDED from src\main\AndroidManifest.xml:431:17-76
	android:name
		ADDED from src\main\AndroidManifest.xml:431:25-73
activity#com.igexin.sdk.PushActivity
ADDED from src\main\AndroidManifest.xml:435:9-442:20
	android:process
		ADDED from src\main\AndroidManifest.xml:439:13-43
	android:excludeFromRecents
		ADDED from src\main\AndroidManifest.xml:437:13-46
	android:exported
		ADDED from src\main\AndroidManifest.xml:438:13-37
	android:theme
		ADDED from src\main\AndroidManifest.xml:441:13-72
	android:taskAffinity
		ADDED from src\main\AndroidManifest.xml:440:13-67
	android:name
		ADDED from src\main\AndroidManifest.xml:436:13-55
service#com.igexin.download.DownloadService
ADDED from src\main\AndroidManifest.xml:444:9-446:46
	android:process
		ADDED from src\main\AndroidManifest.xml:446:13-43
	android:name
		ADDED from src\main\AndroidManifest.xml:445:13-63
receiver#com.igexin.download.DownloadReceiver
ADDED from src\main\AndroidManifest.xml:448:9-452:20
	android:name
		ADDED from src\main\AndroidManifest.xml:448:19-70
intent-filter#android.net.conn.CONNECTIVITY_CHANGE
ADDED from src\main\AndroidManifest.xml:449:13-451:29
provider#com.igexin.download.DownloadProvider
ADDED from src\main\AndroidManifest.xml:454:9-458:46
	android:authorities
		ADDED from src\main\AndroidManifest.xml:456:13-71
	android:process
		ADDED from src\main\AndroidManifest.xml:458:13-43
	android:exported
		ADDED from src\main\AndroidManifest.xml:457:13-36
	android:name
		ADDED from src\main\AndroidManifest.xml:455:13-64
activity#com.igexin.getuiext.activity.GetuiExtActivity
ADDED from src\main\AndroidManifest.xml:460:9-467:75
	android:process
		ADDED from src\main\AndroidManifest.xml:465:13-43
	android:excludeFromRecents
		ADDED from src\main\AndroidManifest.xml:463:13-46
	android:exported
		ADDED from src\main\AndroidManifest.xml:464:13-37
	android:configChanges
		ADDED from src\main\AndroidManifest.xml:462:13-72
	android:theme
		ADDED from src\main\AndroidManifest.xml:467:13-72
	android:taskAffinity
		ADDED from src\main\AndroidManifest.xml:466:13-62
	android:name
		ADDED from src\main\AndroidManifest.xml:461:13-73
activity#com.igexin.sdk.GActivity
ADDED from src\main\AndroidManifest.xml:468:9-474:75
	android:process
		ADDED from src\main\AndroidManifest.xml:472:13-43
	android:excludeFromRecents
		ADDED from src\main\AndroidManifest.xml:470:13-46
	android:exported
		ADDED from src\main\AndroidManifest.xml:471:13-36
	android:theme
		ADDED from src\main\AndroidManifest.xml:474:13-72
	android:taskAffinity
		ADDED from src\main\AndroidManifest.xml:473:13-67
	android:name
		ADDED from src\main\AndroidManifest.xml:469:13-52
receiver#com.igexin.getuiext.service.PayloadReceiver
ADDED from src\main\AndroidManifest.xml:476:9-482:20
	android:exported
		ADDED from src\main\AndroidManifest.xml:478:13-37
	android:name
		ADDED from src\main\AndroidManifest.xml:477:13-71
service#com.igexin.getuiext.service.GetuiExtService
ADDED from src\main\AndroidManifest.xml:484:9-486:46
	android:process
		ADDED from src\main\AndroidManifest.xml:486:13-43
	android:name
		ADDED from src\main\AndroidManifest.xml:485:13-71
meta-data#SINA_REDIRECT_URI
ADDED from src\main\AndroidManifest.xml:494:9-496:53
	android:value
		ADDED from src\main\AndroidManifest.xml:496:13-50
	android:name
		ADDED from src\main\AndroidManifest.xml:495:13-45
meta-data#SINA_SECRET
ADDED from src\main\AndroidManifest.xml:497:9-499:53
	android:value
		ADDED from src\main\AndroidManifest.xml:499:13-50
	android:name
		ADDED from src\main\AndroidManifest.xml:498:13-39
meta-data#SINA_APPKEY
ADDED from src\main\AndroidManifest.xml:500:9-502:65
	android:value
		ADDED from src\main\AndroidManifest.xml:502:13-62
	android:name
		ADDED from src\main\AndroidManifest.xml:501:13-39
meta-data#TENCENT_REDIRECT_URI
ADDED from src\main\AndroidManifest.xml:506:9-508:53
	android:value
		ADDED from src\main\AndroidManifest.xml:508:13-50
	android:name
		ADDED from src\main\AndroidManifest.xml:507:13-48
meta-data#TENCENT_SECRET
ADDED from src\main\AndroidManifest.xml:509:9-511:53
	android:value
		ADDED from src\main\AndroidManifest.xml:511:13-50
	android:name
		ADDED from src\main\AndroidManifest.xml:510:13-42
meta-data#TENCENT_APPKEY
ADDED from src\main\AndroidManifest.xml:512:9-514:65
	android:value
		ADDED from src\main\AndroidManifest.xml:514:13-62
	android:name
		ADDED from src\main\AndroidManifest.xml:513:13-42
activity#io.dcloud.share.tencent.WebAuthorize
ADDED from src\main\AndroidManifest.xml:516:9-519:20
	android:theme
		ADDED from src\main\AndroidManifest.xml:518:13-60
	android:name
		ADDED from src\main\AndroidManifest.xml:517:13-64
meta-data#WX_SECRET
ADDED from src\main\AndroidManifest.xml:521:9-523:64
	android:value
		ADDED from src\main\AndroidManifest.xml:523:13-61
	android:name
		ADDED from src\main\AndroidManifest.xml:522:13-37
meta-data#WX_APPID
ADDED from src\main\AndroidManifest.xml:524:9-526:50
	android:value
		ADDED from src\main\AndroidManifest.xml:526:13-47
	android:name
		ADDED from src\main\AndroidManifest.xml:525:13-36
activity#io.dcloud.HBuilder.Hello.wxapi.WXEntryActivity
ADDED from src\main\AndroidManifest.xml:528:9-541:20
	android:label
		ADDED from src\main\AndroidManifest.xml:531:13-45
	android:launchMode
		ADDED from src\main\AndroidManifest.xml:532:13-43
	android:exported
		ADDED from src\main\AndroidManifest.xml:530:13-36
	android:theme
		ADDED from src\main\AndroidManifest.xml:533:13-72
	android:name
		ADDED from src\main\AndroidManifest.xml:529:13-74
intent-filter#android.intent.action.VIEW+android.intent.category.DEFAULT
ADDED from src\main\AndroidManifest.xml:534:13-540:29
activity#com.alipay.sdk.app.H5PayActivity
ADDED from src\main\AndroidManifest.xml:544:9-550:20
	android:screenOrientation
		ADDED from src\main\AndroidManifest.xml:548:13-47
	android:exported
		ADDED from src\main\AndroidManifest.xml:547:13-37
	android:windowSoftInputMode
		ADDED from src\main\AndroidManifest.xml:549:13-67
	android:configChanges
		ADDED from src\main\AndroidManifest.xml:546:13-74
	android:name
		ADDED from src\main\AndroidManifest.xml:545:13-60
activity#com.alipay.sdk.auth.AuthActivity
ADDED from src\main\AndroidManifest.xml:551:9-556:20
	android:screenOrientation
		ADDED from src\main\AndroidManifest.xml:555:13-47
	android:exported
		ADDED from src\main\AndroidManifest.xml:554:13-37
	android:configChanges
		ADDED from src\main\AndroidManifest.xml:553:13-74
	android:name
		ADDED from src\main\AndroidManifest.xml:552:13-60
activity#io.dcloud.HBuilder.Hello.wxapi.WXPayEntryActivity
ADDED from src\main\AndroidManifest.xml:561:9-565:75
	android:launchMode
		ADDED from src\main\AndroidManifest.xml:564:13-43
	android:exported
		ADDED from src\main\AndroidManifest.xml:563:13-36
	android:theme
		ADDED from src\main\AndroidManifest.xml:565:13-72
	android:name
		ADDED from src\main\AndroidManifest.xml:562:13-77
activity#cn.com.yusys.plugins.apfx.HandwritingActivity
ADDED from src\main\AndroidManifest.xml:575:9-580:58
	android:screenOrientation
		ADDED from src\main\AndroidManifest.xml:579:13-49
	android:hardwareAccelerated
		ADDED from src\main\AndroidManifest.xml:578:13-47
	android:configChanges
		ADDED from src\main\AndroidManifest.xml:577:13-59
	android:theme
		ADDED from src\main\AndroidManifest.xml:580:13-55
	android:name
		ADDED from src\main\AndroidManifest.xml:576:13-73
service#rtc.sdk.impl.SdkService
ADDED from src\main\AndroidManifest.xml:583:9-587:19
	android:name
		ADDED from src\main\AndroidManifest.xml:583:18-56
intent-filter#rtc.sdk.service
ADDED from src\main\AndroidManifest.xml:584:13-586:29
action#rtc.sdk.service
ADDED from src\main\AndroidManifest.xml:585:17-58
	android:name
		ADDED from src\main\AndroidManifest.xml:585:25-55
activity#cn.com.yusys.plugins.rtc.DemoApp
ADDED from src\main\AndroidManifest.xml:589:9-590:20
	android:name
		ADDED from src\main\AndroidManifest.xml:589:19-66
activity#io.dcloud.CrashActivity
ADDED from src\main\AndroidManifest.xml:594:9-60
	android:name
		ADDED from src\main\AndroidManifest.xml:594:20-58